CompLaB3D Simulation Log
Date: 2026-02-11 19:06:49
Working directory: C:\Users\shahr\OneDrive\Desktop\Shahram Files\Github-mirror\Complab3D-Biotic-Kinetic-AndersopnNR
Exit code: 1
Elapsed: 94.3s
============================================================

Number of kinetic models = 1

CompLaB main directory = C:\Users\shahr\OneDrive\Desktop\Shahram Files\Github-mirror\Complab3D-Biotic-Kinetic-AndersopnNR/
CompLaB input directory = C:\Users\shahr\OneDrive\Desktop\Shahram Files\Github-mirror\Complab3D-Biotic-Kinetic-AndersopnNR/input
CompLaB output directory = C:\Users\shahr\OneDrive\Desktop\Shahram Files\Github-mirror\Complab3D-Biotic-Kinetic-AndersopnNR/output_planktonic

Reading the geometry file (input/OS_R1_3D_phi08.dat).
Saving geometry vti file (inputGeom).

Initializing the fluid lattice (deltaP = 0.002).
nsLatticeTau = 0.8, nsLatticeOmega = 1.25, nsLatticeNu = 0.1

========== LBM NS simulation begins ==========
Run a new simulation for nsLattice
average=7.06831e-10; stdDev/average=6.79208
average=1.35935e-12; stdDev/average=0.231171
------------------------------------------------------------
Cancelled after 0h 1m 34s
